mode: atomic
github.com/QOSGroup/qmoon/db/db.go:20.40,21.18 1 0
github.com/QOSGroup/qmoon/db/db.go:25.2,25.21 1 0
github.com/QOSGroup/qmoon/db/db.go:29.2,29.14 1 0
github.com/QOSGroup/qmoon/db/db.go:21.18,23.3 1 0
github.com/QOSGroup/qmoon/db/db.go:25.21,27.3 1 0
github.com/QOSGroup/qmoon/db/db.go:32.60,33.41 1 0
github.com/QOSGroup/qmoon/db/db.go:37.2,38.16 2 0
github.com/QOSGroup/qmoon/db/db.go:42.2,42.33 1 0
github.com/QOSGroup/qmoon/db/db.go:46.2,50.12 3 0
github.com/QOSGroup/qmoon/db/db.go:33.41,35.3 1 0
github.com/QOSGroup/qmoon/db/db.go:38.16,40.3 1 0
github.com/QOSGroup/qmoon/db/db.go:42.33,44.3 1 0
