mode: atomic
github.com/QOSGroup/qmoon/db/db.go:26.40,27.18 1 2
github.com/QOSGroup/qmoon/db/db.go:31.2,31.21 1 2
github.com/QOSGroup/qmoon/db/db.go:35.2,35.14 1 0
github.com/QOSGroup/qmoon/db/db.go:27.18,29.3 1 0
github.com/QOSGroup/qmoon/db/db.go:31.21,33.3 1 2
github.com/QOSGroup/qmoon/db/db.go:38.61,39.41 1 2
github.com/QOSGroup/qmoon/db/db.go:43.2,44.16 2 2
github.com/QOSGroup/qmoon/db/db.go:48.2,48.33 1 2
github.com/QOSGroup/qmoon/db/db.go:52.2,54.12 2 2
github.com/QOSGroup/qmoon/db/db.go:39.41,41.3 1 0
github.com/QOSGroup/qmoon/db/db.go:44.16,46.3 1 0
github.com/QOSGroup/qmoon/db/db.go:48.33,50.3 1 0
github.com/QOSGroup/qmoon/db/db.go:58.61,63.16 4 1
github.com/QOSGroup/qmoon/db/db.go:67.2,67.24 1 1
github.com/QOSGroup/qmoon/db/db.go:63.16,65.3 1 0
github.com/QOSGroup/qmoon/db/db.go:71.54,77.2 3 1
github.com/QOSGroup/qmoon/db/db.go:80.52,86.16 4 0
github.com/QOSGroup/qmoon/db/db.go:90.2,93.12 3 0
github.com/QOSGroup/qmoon/db/db.go:86.16,88.3 1 0
github.com/QOSGroup/qmoon/db/db.go:101.27,104.2 2 0
github.com/QOSGroup/qmoon/db/db.go:106.38,113.16 5 1
github.com/QOSGroup/qmoon/db/db.go:116.2,120.16 4 1
github.com/QOSGroup/qmoon/db/db.go:123.2,123.9 1 1
github.com/QOSGroup/qmoon/db/db.go:135.2,136.16 2 1
github.com/QOSGroup/qmoon/db/db.go:140.2,144.12 3 1
github.com/QOSGroup/qmoon/db/db.go:113.16,114.13 1 0
github.com/QOSGroup/qmoon/db/db.go:120.16,121.13 1 0
github.com/QOSGroup/qmoon/db/db.go:123.9,125.17 2 1
github.com/QOSGroup/qmoon/db/db.go:129.3,130.17 2 1
github.com/QOSGroup/qmoon/db/db.go:125.17,126.14 1 0
github.com/QOSGroup/qmoon/db/db.go:130.17,131.14 1 0
github.com/QOSGroup/qmoon/db/db.go:136.16,137.13 1 0
github.com/QOSGroup/qmoon/lib/mail/mail.go:16.51,24.2 2 1
github.com/QOSGroup/qmoon/lib/mail/mail.go:26.55,31.2 3 1
github.com/QOSGroup/qmoon/handler/httptest.go:25.29,27.16 2 1
github.com/QOSGroup/qmoon/handler/httptest.go:30.2,31.16 2 1
github.com/QOSGroup/qmoon/handler/httptest.go:35.2,35.12 1 1
github.com/QOSGroup/qmoon/handler/httptest.go:27.16,28.13 1 0
github.com/QOSGroup/qmoon/handler/httptest.go:31.16,32.13 1 0
github.com/QOSGroup/qmoon/handler/httptest.go:45.61,51.2 4 0
github.com/QOSGroup/qmoon/handler/httptest.go:53.45,55.16 2 0
github.com/QOSGroup/qmoon/handler/httptest.go:58.2,60.11 2 0
github.com/QOSGroup/qmoon/handler/httptest.go:55.16,56.13 1 0
github.com/QOSGroup/qmoon/handler/httptest.go:63.45,67.2 2 0
github.com/QOSGroup/qmoon/handler/httptest.go:69.42,71.16 2 0
github.com/QOSGroup/qmoon/handler/httptest.go:74.2,75.16 2 0
github.com/QOSGroup/qmoon/handler/httptest.go:79.2,81.11 2 0
github.com/QOSGroup/qmoon/handler/httptest.go:71.16,72.13 1 0
github.com/QOSGroup/qmoon/handler/httptest.go:75.16,76.13 1 0
github.com/QOSGroup/qmoon/handler/httptest.go:84.98,92.32 6 0
github.com/QOSGroup/qmoon/handler/httptest.go:115.2,115.16 1 0
github.com/QOSGroup/qmoon/handler/httptest.go:92.32,94.3 1 0
github.com/QOSGroup/qmoon/handler/httptest.go:94.8,97.17 3 0
github.com/QOSGroup/qmoon/handler/httptest.go:105.3,105.26 1 0
github.com/QOSGroup/qmoon/handler/httptest.go:109.3,110.17 2 0
github.com/QOSGroup/qmoon/handler/httptest.go:97.17,98.21 1 0
github.com/QOSGroup/qmoon/handler/httptest.go:98.21,100.5 1 0
github.com/QOSGroup/qmoon/handler/httptest.go:100.10,102.5 1 0
github.com/QOSGroup/qmoon/handler/httptest.go:105.26,107.4 1 0
github.com/QOSGroup/qmoon/handler/httptest.go:110.17,112.4 1 0
github.com/QOSGroup/qmoon/handler/version.go:10.40,12.2 1 0
github.com/QOSGroup/qmoon/handler/version.go:18.31,22.2 1 0
github.com/QOSGroup/qmoon/handler/version.go:24.50,25.30 1 0
github.com/QOSGroup/qmoon/handler/version.go:25.31,29.3 0 0
github.com/QOSGroup/qmoon/handler/hadmin/node_type.go:20.42,23.2 2 3
github.com/QOSGroup/qmoon/handler/hadmin/node_type.go:32.48,33.18 1 1
github.com/QOSGroup/qmoon/handler/hadmin/node_type.go:37.2,37.21 1 1
github.com/QOSGroup/qmoon/handler/hadmin/node_type.go:41.2,41.12 1 1
github.com/QOSGroup/qmoon/handler/hadmin/node_type.go:33.18,35.3 1 0
github.com/QOSGroup/qmoon/handler/hadmin/node_type.go:37.21,39.3 1 0
github.com/QOSGroup/qmoon/handler/hadmin/node_type.go:44.42,45.30 1 3
github.com/QOSGroup/qmoon/handler/hadmin/node_type.go:45.30,47.47 2 1
github.com/QOSGroup/qmoon/handler/hadmin/node_type.go:52.3,52.44 1 1
github.com/QOSGroup/qmoon/handler/hadmin/node_type.go:57.3,58.17 2 1
github.com/QOSGroup/qmoon/handler/hadmin/node_type.go:62.3,62.71 1 1
github.com/QOSGroup/qmoon/handler/hadmin/node_type.go:47.47,50.4 2 0
github.com/QOSGroup/qmoon/handler/hadmin/node_type.go:52.44,55.4 2 0
github.com/QOSGroup/qmoon/handler/hadmin/node_type.go:58.17,61.4 2 0
github.com/QOSGroup/qmoon/handler/hadmin/node_type.go:66.41,67.30 1 3
github.com/QOSGroup/qmoon/handler/hadmin/node_type.go:67.30,69.17 2 0
github.com/QOSGroup/qmoon/handler/hadmin/node_type.go:73.3,73.71 1 0
github.com/QOSGroup/qmoon/handler/hadmin/node_type.go:69.17,72.4 2 0
github.com/QOSGroup/qmoon/handler/hadmin/register.go:19.41,21.2 1 3
github.com/QOSGroup/qmoon/handler/hadmin/register.go:28.42,29.18 1 3
github.com/QOSGroup/qmoon/handler/hadmin/register.go:33.2,33.22 1 2
github.com/QOSGroup/qmoon/handler/hadmin/register.go:37.2,37.12 1 1
github.com/QOSGroup/qmoon/handler/hadmin/register.go:29.18,31.3 1 1
github.com/QOSGroup/qmoon/handler/hadmin/register.go:33.22,35.3 1 1
github.com/QOSGroup/qmoon/handler/hadmin/register.go:40.78,42.2 1 0
github.com/QOSGroup/qmoon/handler/hadmin/register.go:44.36,45.30 1 3
github.com/QOSGroup/qmoon/handler/hadmin/register.go:45.30,47.47 2 3
github.com/QOSGroup/qmoon/handler/hadmin/register.go:52.3,53.44 2 3
github.com/QOSGroup/qmoon/handler/hadmin/register.go:58.3,59.17 2 1
github.com/QOSGroup/qmoon/handler/hadmin/register.go:63.3,63.71 1 1
github.com/QOSGroup/qmoon/handler/hadmin/register.go:47.47,50.4 2 0
github.com/QOSGroup/qmoon/handler/hadmin/register.go:53.44,56.4 2 2
github.com/QOSGroup/qmoon/handler/hadmin/register.go:59.17,62.4 2 0
github.com/QOSGroup/qmoon/handler/hadmin/update_password.go:19.47,21.2 1 0
github.com/QOSGroup/qmoon/handler/hadmin/update_password.go:28.48,29.25 1 0
github.com/QOSGroup/qmoon/handler/hadmin/update_password.go:33.2,33.25 1 0
github.com/QOSGroup/qmoon/handler/hadmin/update_password.go:37.2,37.36 1 0
github.com/QOSGroup/qmoon/handler/hadmin/update_password.go:41.2,41.12 1 0
github.com/QOSGroup/qmoon/handler/hadmin/update_password.go:29.25,31.3 1 0
github.com/QOSGroup/qmoon/handler/hadmin/update_password.go:33.25,35.3 1 0
github.com/QOSGroup/qmoon/handler/hadmin/update_password.go:37.36,39.3 1 0
github.com/QOSGroup/qmoon/handler/hadmin/update_password.go:44.42,45.30 1 0
github.com/QOSGroup/qmoon/handler/hadmin/update_password.go:45.30,47.47 2 0
github.com/QOSGroup/qmoon/handler/hadmin/update_password.go:52.3,53.44 2 0
github.com/QOSGroup/qmoon/handler/hadmin/update_password.go:58.3,59.17 2 0
github.com/QOSGroup/qmoon/handler/hadmin/update_password.go:64.3,65.17 2 0
github.com/QOSGroup/qmoon/handler/hadmin/update_password.go:70.3,70.71 1 0
github.com/QOSGroup/qmoon/handler/hadmin/update_password.go:47.47,50.4 2 0
github.com/QOSGroup/qmoon/handler/hadmin/update_password.go:53.44,56.4 2 0
github.com/QOSGroup/qmoon/handler/hadmin/update_password.go:59.17,62.4 2 0
github.com/QOSGroup/qmoon/handler/hadmin/update_password.go:65.17,68.4 2 0
github.com/QOSGroup/qmoon/handler/hadmin/account.go:21.40,26.2 4 5
github.com/QOSGroup/qmoon/handler/hadmin/account.go:28.40,29.30 1 5
github.com/QOSGroup/qmoon/handler/hadmin/account.go:29.30,33.17 4 2
github.com/QOSGroup/qmoon/handler/hadmin/account.go:37.3,38.17 2 2
github.com/QOSGroup/qmoon/handler/hadmin/account.go:43.3,43.71 1 2
github.com/QOSGroup/qmoon/handler/hadmin/account.go:33.17,35.4 1 2
github.com/QOSGroup/qmoon/handler/hadmin/account.go:38.17,41.4 2 0
github.com/QOSGroup/qmoon/handler/hadmin/account.go:47.43,48.30 1 5
github.com/QOSGroup/qmoon/handler/hadmin/account.go:48.30,51.17 3 1
github.com/QOSGroup/qmoon/handler/hadmin/account.go:56.3,57.17 2 1
github.com/QOSGroup/qmoon/handler/hadmin/account.go:62.3,62.71 1 1
github.com/QOSGroup/qmoon/handler/hadmin/account.go:51.17,54.4 2 0
github.com/QOSGroup/qmoon/handler/hadmin/account.go:57.17,60.4 2 0
github.com/QOSGroup/qmoon/handler/hadmin/account.go:73.47,75.2 1 1
github.com/QOSGroup/qmoon/handler/hadmin/account.go:77.41,78.30 1 5
github.com/QOSGroup/qmoon/handler/hadmin/account.go:78.30,80.47 2 1
github.com/QOSGroup/qmoon/handler/hadmin/account.go:85.3,86.44 2 1
github.com/QOSGroup/qmoon/handler/hadmin/account.go:91.3,93.17 3 1
github.com/QOSGroup/qmoon/handler/hadmin/account.go:98.3,99.17 2 1
github.com/QOSGroup/qmoon/handler/hadmin/account.go:104.3,109.17 2 1
github.com/QOSGroup/qmoon/handler/hadmin/account.go:113.3,114.17 2 1
github.com/QOSGroup/qmoon/handler/hadmin/account.go:119.3,119.71 1 1
github.com/QOSGroup/qmoon/handler/hadmin/account.go:80.47,83.4 2 0
github.com/QOSGroup/qmoon/handler/hadmin/account.go:86.44,89.4 2 0
github.com/QOSGroup/qmoon/handler/hadmin/account.go:93.17,96.4 2 0
github.com/QOSGroup/qmoon/handler/hadmin/account.go:99.17,102.4 2 0
github.com/QOSGroup/qmoon/handler/hadmin/account.go:109.17,112.4 2 0
github.com/QOSGroup/qmoon/handler/hadmin/account.go:114.17,117.4 2 0
github.com/QOSGroup/qmoon/handler/hadmin/account.go:123.41,124.30 1 5
github.com/QOSGroup/qmoon/handler/hadmin/account.go:124.30,127.3 1 0
github.com/QOSGroup/qmoon/handler/hadmin/app.go:17.36,21.2 3 0
github.com/QOSGroup/qmoon/handler/hadmin/app.go:27.43,28.18 1 0
github.com/QOSGroup/qmoon/handler/hadmin/app.go:32.2,32.12 1 0
github.com/QOSGroup/qmoon/handler/hadmin/app.go:28.18,30.3 1 0
github.com/QOSGroup/qmoon/handler/hadmin/app.go:35.37,36.30 1 0
github.com/QOSGroup/qmoon/handler/hadmin/app.go:36.30,38.17 2 0
github.com/QOSGroup/qmoon/handler/hadmin/app.go:43.3,44.47 2 0
github.com/QOSGroup/qmoon/handler/hadmin/app.go:49.3,49.44 1 0
github.com/QOSGroup/qmoon/handler/hadmin/app.go:54.3,55.17 2 0
github.com/QOSGroup/qmoon/handler/hadmin/app.go:59.3,59.71 1 0
github.com/QOSGroup/qmoon/handler/hadmin/app.go:38.17,41.4 2 0
github.com/QOSGroup/qmoon/handler/hadmin/app.go:44.47,47.4 2 0
github.com/QOSGroup/qmoon/handler/hadmin/app.go:49.44,52.4 2 0
github.com/QOSGroup/qmoon/handler/hadmin/app.go:55.17,58.4 2 0
github.com/QOSGroup/qmoon/handler/hadmin/app.go:63.36,64.30 1 0
github.com/QOSGroup/qmoon/handler/hadmin/app.go:64.30,66.17 2 0
github.com/QOSGroup/qmoon/handler/hadmin/app.go:71.3,72.17 2 0
github.com/QOSGroup/qmoon/handler/hadmin/app.go:76.3,76.71 1 0
github.com/QOSGroup/qmoon/handler/hadmin/app.go:66.17,69.4 2 0
github.com/QOSGroup/qmoon/handler/hadmin/app.go:72.17,75.4 2 0
github.com/QOSGroup/qmoon/handler/hadmin/app.go:80.37,81.30 1 0
github.com/QOSGroup/qmoon/handler/hadmin/app.go:81.30,83.17 2 0
github.com/QOSGroup/qmoon/handler/hadmin/app.go:88.3,90.17 3 0
github.com/QOSGroup/qmoon/handler/hadmin/app.go:95.3,96.17 2 0
github.com/QOSGroup/qmoon/handler/hadmin/app.go:100.3,100.71 1 0
github.com/QOSGroup/qmoon/handler/hadmin/app.go:83.17,86.4 2 0
github.com/QOSGroup/qmoon/handler/hadmin/app.go:90.17,93.4 2 0
github.com/QOSGroup/qmoon/handler/hadmin/app.go:96.17,99.4 2 0
github.com/QOSGroup/qmoon/handler/hadmin/login.go:19.38,21.2 1 0
github.com/QOSGroup/qmoon/handler/hadmin/login.go:28.39,29.18 1 0
github.com/QOSGroup/qmoon/handler/hadmin/login.go:33.2,33.22 1 0
github.com/QOSGroup/qmoon/handler/hadmin/login.go:37.2,37.12 1 0
github.com/QOSGroup/qmoon/handler/hadmin/login.go:29.18,31.3 1 0
github.com/QOSGroup/qmoon/handler/hadmin/login.go:33.22,35.3 1 0
github.com/QOSGroup/qmoon/handler/hadmin/login.go:40.33,41.30 1 0
github.com/QOSGroup/qmoon/handler/hadmin/login.go:41.30,43.47 2 0
github.com/QOSGroup/qmoon/handler/hadmin/login.go:48.3,49.44 2 0
github.com/QOSGroup/qmoon/handler/hadmin/login.go:54.3,55.17 2 0
github.com/QOSGroup/qmoon/handler/hadmin/login.go:59.3,59.71 1 0
github.com/QOSGroup/qmoon/handler/hadmin/login.go:43.47,46.4 2 0
github.com/QOSGroup/qmoon/handler/hadmin/login.go:49.44,52.4 2 0
github.com/QOSGroup/qmoon/handler/hadmin/login.go:55.17,58.4 2 0
github.com/QOSGroup/qmoon/handler/hadmin/logout.go:18.39,20.2 1 0
github.com/QOSGroup/qmoon/handler/hadmin/logout.go:22.34,23.30 1 0
github.com/QOSGroup/qmoon/handler/hadmin/logout.go:23.30,25.17 2 0
github.com/QOSGroup/qmoon/handler/hadmin/logout.go:30.3,31.17 2 0
github.com/QOSGroup/qmoon/handler/hadmin/logout.go:36.3,36.71 1 0
github.com/QOSGroup/qmoon/handler/hadmin/logout.go:25.17,28.4 2 0
github.com/QOSGroup/qmoon/handler/hadmin/logout.go:31.17,34.4 2 0
github.com/QOSGroup/qmoon/handler/hdata/proxy.go:23.74,25.2 0 0
github.com/QOSGroup/qmoon/handler/hdata/proxy.go:80.38,81.29 1 0
github.com/QOSGroup/qmoon/handler/hdata/proxy.go:81.29,83.15 2 0
github.com/QOSGroup/qmoon/handler/hdata/proxy.go:83.15,85.4 1 0
github.com/QOSGroup/qmoon/handler/hdata/proxy.go:85.9,87.4 1 0
github.com/QOSGroup/qmoon/handler/hdata/proxy.go:91.62,92.22 1 0
github.com/QOSGroup/qmoon/handler/hdata/proxy.go:97.2,97.25 1 0
github.com/QOSGroup/qmoon/handler/hdata/proxy.go:92.22,93.22 1 0
github.com/QOSGroup/qmoon/handler/hdata/proxy.go:93.22,95.4 1 0
github.com/QOSGroup/qmoon/handler/hdata/proxy.go:97.25,98.24 1 0
github.com/QOSGroup/qmoon/handler/hdata/proxy.go:98.24,100.4 1 0
github.com/QOSGroup/qmoon/handler/hdata/proxy.go:104.41,105.30 1 0
github.com/QOSGroup/qmoon/handler/hdata/proxy.go:105.30,107.21 2 0
github.com/QOSGroup/qmoon/handler/hdata/proxy.go:111.3,112.17 2 0
github.com/QOSGroup/qmoon/handler/hdata/proxy.go:116.3,119.17 3 0
github.com/QOSGroup/qmoon/handler/hdata/proxy.go:123.3,127.31 4 0
github.com/QOSGroup/qmoon/handler/hdata/proxy.go:107.21,110.4 2 0
github.com/QOSGroup/qmoon/handler/hdata/proxy.go:112.17,115.4 2 0
github.com/QOSGroup/qmoon/handler/hdata/proxy.go:119.17,122.4 2 0
github.com/QOSGroup/qmoon/lib/qstarscli/node_version.go:9.14,10.2 0 1
github.com/QOSGroup/qmoon/lib/qstarscli/node_version.go:16.92,20.16 3 1
github.com/QOSGroup/qmoon/lib/qstarscli/node_version.go:24.2,25.16 2 1
github.com/QOSGroup/qmoon/lib/qstarscli/node_version.go:29.2,31.16 3 1
github.com/QOSGroup/qmoon/lib/qstarscli/node_version.go:35.2,35.18 1 0
github.com/QOSGroup/qmoon/lib/qstarscli/node_version.go:20.16,22.3 1 0
github.com/QOSGroup/qmoon/lib/qstarscli/node_version.go:25.16,27.3 1 0
github.com/QOSGroup/qmoon/lib/qstarscli/node_version.go:31.16,33.3 1 1
github.com/QOSGroup/qmoon/lib/qstarscli/version.go:10.14,11.2 0 1
github.com/QOSGroup/qmoon/lib/qstarscli/version.go:17.87,21.16 3 1
github.com/QOSGroup/qmoon/lib/qstarscli/version.go:25.2,26.16 2 1
github.com/QOSGroup/qmoon/lib/qstarscli/version.go:30.2,33.16 4 1
github.com/QOSGroup/qmoon/lib/qstarscli/version.go:37.2,37.18 1 1
github.com/QOSGroup/qmoon/lib/qstarscli/version.go:21.16,23.3 1 0
github.com/QOSGroup/qmoon/lib/qstarscli/version.go:26.16,28.3 1 0
github.com/QOSGroup/qmoon/lib/qstarscli/version.go:33.16,35.3 1 0
github.com/QOSGroup/qmoon/lib/qstarscli/accounts.go:13.83,16.16 3 1
github.com/QOSGroup/qmoon/lib/qstarscli/accounts.go:20.2,21.16 2 1
github.com/QOSGroup/qmoon/lib/qstarscli/accounts.go:25.2,27.16 3 1
github.com/QOSGroup/qmoon/lib/qstarscli/accounts.go:31.2,31.18 1 1
github.com/QOSGroup/qmoon/lib/qstarscli/accounts.go:16.16,18.3 1 0
github.com/QOSGroup/qmoon/lib/qstarscli/accounts.go:21.16,23.3 1 0
github.com/QOSGroup/qmoon/lib/qstarscli/accounts.go:27.16,29.3 1 0
github.com/QOSGroup/qmoon/lib/qstarscli/accounts.go:34.98,37.16 3 1
github.com/QOSGroup/qmoon/lib/qstarscli/accounts.go:41.2,42.16 2 1
github.com/QOSGroup/qmoon/lib/qstarscli/accounts.go:46.2,48.16 3 1
github.com/QOSGroup/qmoon/lib/qstarscli/accounts.go:52.2,52.18 1 0
github.com/QOSGroup/qmoon/lib/qstarscli/accounts.go:37.16,39.3 1 0
github.com/QOSGroup/qmoon/lib/qstarscli/accounts.go:42.16,44.3 1 0
github.com/QOSGroup/qmoon/lib/qstarscli/accounts.go:48.16,50.3 1 1
github.com/QOSGroup/qmoon/lib/qstarscli/client.go:40.50,45.16 3 6
github.com/QOSGroup/qmoon/lib/qstarscli/client.go:48.2,50.15 2 6
github.com/QOSGroup/qmoon/lib/qstarscli/client.go:58.2,58.17 1 6
github.com/QOSGroup/qmoon/lib/qstarscli/client.go:45.16,47.3 1 0
github.com/QOSGroup/qmoon/lib/qstarscli/client.go:50.15,51.24 1 6
github.com/QOSGroup/qmoon/lib/qstarscli/client.go:51.24,52.33 1 6
github.com/QOSGroup/qmoon/lib/qstarscli/client.go:52.33,54.5 1 0
github.com/QOSGroup/qmoon/lib/qstarscli/client.go:62.43,63.33 1 6
github.com/QOSGroup/qmoon/lib/qstarscli/client.go:63.33,65.17 2 6
github.com/QOSGroup/qmoon/lib/qstarscli/client.go:69.3,72.13 3 6
github.com/QOSGroup/qmoon/lib/qstarscli/client.go:65.17,67.4 1 0
github.com/QOSGroup/qmoon/lib/qstarscli/client.go:105.37,106.16 1 6
github.com/QOSGroup/qmoon/lib/qstarscli/client.go:109.2,123.10 7 6
github.com/QOSGroup/qmoon/lib/qstarscli/client.go:106.16,108.3 1 0
github.com/QOSGroup/qmoon/lib/qstarscli/client.go:128.60,130.42 2 6
github.com/QOSGroup/qmoon/lib/qstarscli/client.go:134.2,135.16 2 6
github.com/QOSGroup/qmoon/lib/qstarscli/client.go:139.2,140.16 2 6
github.com/QOSGroup/qmoon/lib/qstarscli/client.go:144.2,145.24 2 6
github.com/QOSGroup/qmoon/lib/qstarscli/client.go:130.42,132.3 1 0
github.com/QOSGroup/qmoon/lib/qstarscli/client.go:135.16,137.3 1 0
github.com/QOSGroup/qmoon/lib/qstarscli/client.go:140.16,142.3 1 0
github.com/QOSGroup/qmoon/lib/qstarscli/client.go:153.93,155.16 2 6
github.com/QOSGroup/qmoon/lib/qstarscli/client.go:159.2,160.17 2 6
github.com/QOSGroup/qmoon/lib/qstarscli/client.go:170.2,171.16 2 6
github.com/QOSGroup/qmoon/lib/qstarscli/client.go:175.2,175.17 1 6
github.com/QOSGroup/qmoon/lib/qstarscli/client.go:155.16,157.3 1 0
github.com/QOSGroup/qmoon/lib/qstarscli/client.go:160.17,165.17 5 1
github.com/QOSGroup/qmoon/lib/qstarscli/client.go:165.17,167.4 1 0
github.com/QOSGroup/qmoon/lib/qstarscli/client.go:171.16,173.3 1 0
github.com/QOSGroup/qmoon/lib/qstarscli/client.go:180.41,181.16 1 0
github.com/QOSGroup/qmoon/lib/qstarscli/client.go:184.2,185.42 2 0
github.com/QOSGroup/qmoon/lib/qstarscli/client.go:189.2,189.12 1 0
github.com/QOSGroup/qmoon/lib/qstarscli/client.go:181.16,183.3 1 0
github.com/QOSGroup/qmoon/lib/qstarscli/client.go:185.42,188.3 2 0
github.com/QOSGroup/qmoon/lib/qstarscli/client.go:202.44,203.45 1 6
github.com/QOSGroup/qmoon/lib/qstarscli/client.go:207.2,207.82 1 0
github.com/QOSGroup/qmoon/lib/qstarscli/client.go:211.2,211.12 1 0
github.com/QOSGroup/qmoon/lib/qstarscli/client.go:203.45,205.3 1 6
github.com/QOSGroup/qmoon/lib/qstarscli/client.go:207.82,209.3 1 0
github.com/QOSGroup/qmoon/lib/qstarscli/client.go:223.100,224.16 1 6
github.com/QOSGroup/qmoon/lib/qstarscli/client.go:227.2,230.16 3 6
github.com/QOSGroup/qmoon/lib/qstarscli/client.go:250.2,250.15 1 6
github.com/QOSGroup/qmoon/lib/qstarscli/client.go:256.2,257.16 2 6
github.com/QOSGroup/qmoon/lib/qstarscli/client.go:263.2,263.14 1 6
github.com/QOSGroup/qmoon/lib/qstarscli/client.go:288.2,288.18 1 2
github.com/QOSGroup/qmoon/lib/qstarscli/client.go:224.16,226.3 1 6
github.com/QOSGroup/qmoon/lib/qstarscli/client.go:230.16,233.10 1 0
github.com/QOSGroup/qmoon/lib/qstarscli/client.go:240.3,240.36 1 0
github.com/QOSGroup/qmoon/lib/qstarscli/client.go:247.3,247.18 1 0
github.com/QOSGroup/qmoon/lib/qstarscli/client.go:234.21,235.25 1 0
github.com/QOSGroup/qmoon/lib/qstarscli/client.go:236.11,236.11 0 0
github.com/QOSGroup/qmoon/lib/qstarscli/client.go:240.36,241.48 1 0
github.com/QOSGroup/qmoon/lib/qstarscli/client.go:241.48,244.5 2 0
github.com/QOSGroup/qmoon/lib/qstarscli/client.go:250.15,254.3 2 6
github.com/QOSGroup/qmoon/lib/qstarscli/client.go:257.16,261.3 1 0
github.com/QOSGroup/qmoon/lib/qstarscli/client.go:263.14,264.33 1 6
github.com/QOSGroup/qmoon/lib/qstarscli/client.go:264.33,266.4 1 0
github.com/QOSGroup/qmoon/lib/qstarscli/client.go:266.9,269.18 3 6
github.com/QOSGroup/qmoon/lib/qstarscli/client.go:277.4,277.27 1 6
github.com/QOSGroup/qmoon/lib/qstarscli/client.go:281.4,282.18 2 2
github.com/QOSGroup/qmoon/lib/qstarscli/client.go:269.18,270.22 1 0
github.com/QOSGroup/qmoon/lib/qstarscli/client.go:270.22,272.6 1 0
github.com/QOSGroup/qmoon/lib/qstarscli/client.go:272.11,274.6 1 0
github.com/QOSGroup/qmoon/lib/qstarscli/client.go:277.27,279.5 1 4
github.com/QOSGroup/qmoon/lib/qstarscli/client.go:282.18,284.5 1 0
github.com/QOSGroup/qmoon/lib/qstarscli/client.go:295.37,297.2 1 0
github.com/QOSGroup/qmoon/lib/qstarscli/client.go:299.46,309.2 6 1
github.com/QOSGroup/qmoon/lib/qstarscli/kv.go:21.32,24.16 3 1
github.com/QOSGroup/qmoon/lib/qstarscli/kv.go:27.2,34.16 3 1
github.com/QOSGroup/qmoon/lib/qstarscli/kv.go:38.2,40.16 3 1
github.com/QOSGroup/qmoon/lib/qstarscli/kv.go:44.2,44.18 1 0
github.com/QOSGroup/qmoon/lib/qstarscli/kv.go:24.16,26.3 1 0
github.com/QOSGroup/qmoon/lib/qstarscli/kv.go:34.16,36.3 1 0
github.com/QOSGroup/qmoon/lib/qstarscli/kv.go:40.16,42.3 1 1
github.com/QOSGroup/qmoon/lib/qstarscli/kv.go:47.93,50.16 3 1
github.com/QOSGroup/qmoon/lib/qstarscli/kv.go:54.2,55.16 2 1
github.com/QOSGroup/qmoon/lib/qstarscli/kv.go:59.2,61.16 3 1
github.com/QOSGroup/qmoon/lib/qstarscli/kv.go:65.2,65.18 1 0
github.com/QOSGroup/qmoon/lib/qstarscli/kv.go:50.16,52.3 1 0
github.com/QOSGroup/qmoon/lib/qstarscli/kv.go:55.16,57.3 1 0
github.com/QOSGroup/qmoon/lib/qstarscli/kv.go:61.16,63.3 1 1
github.com/QOSGroup/qmoon/lib/tmcli/genesis.go:11.14,13.2 0 1
github.com/QOSGroup/qmoon/lib/tmcli/genesis.go:19.89,23.16 3 1
github.com/QOSGroup/qmoon/lib/tmcli/genesis.go:27.2,28.16 2 1
github.com/QOSGroup/qmoon/lib/tmcli/genesis.go:32.2,34.16 3 1
github.com/QOSGroup/qmoon/lib/tmcli/genesis.go:38.2,38.18 1 1
github.com/QOSGroup/qmoon/lib/tmcli/genesis.go:23.16,25.3 1 0
github.com/QOSGroup/qmoon/lib/tmcli/genesis.go:28.16,30.3 1 0
github.com/QOSGroup/qmoon/lib/tmcli/genesis.go:34.16,36.3 1 0
github.com/QOSGroup/qmoon/lib/tmcli/health.go:11.14,13.2 0 1
github.com/QOSGroup/qmoon/lib/tmcli/health.go:19.87,23.16 3 1
github.com/QOSGroup/qmoon/lib/tmcli/health.go:27.2,28.16 2 1
github.com/QOSGroup/qmoon/lib/tmcli/health.go:32.2,34.16 3 1
github.com/QOSGroup/qmoon/lib/tmcli/health.go:38.2,38.18 1 1
github.com/QOSGroup/qmoon/lib/tmcli/health.go:23.16,25.3 1 0
github.com/QOSGroup/qmoon/lib/tmcli/health.go:28.16,30.3 1 0
github.com/QOSGroup/qmoon/lib/tmcli/health.go:34.16,36.3 1 0
github.com/QOSGroup/qmoon/lib/tmcli/net_info.go:11.14,13.2 0 1
github.com/QOSGroup/qmoon/lib/tmcli/net_info.go:19.89,23.16 3 1
github.com/QOSGroup/qmoon/lib/tmcli/net_info.go:27.2,28.16 2 1
github.com/QOSGroup/qmoon/lib/tmcli/net_info.go:32.2,34.16 3 1
github.com/QOSGroup/qmoon/lib/tmcli/net_info.go:38.2,38.18 1 1
github.com/QOSGroup/qmoon/lib/tmcli/net_info.go:23.16,25.3 1 0
github.com/QOSGroup/qmoon/lib/tmcli/net_info.go:28.16,30.3 1 0
github.com/QOSGroup/qmoon/lib/tmcli/net_info.go:34.16,36.3 1 0
github.com/QOSGroup/qmoon/lib/tmcli/status.go:12.13,24.2 6 1
github.com/QOSGroup/qmoon/lib/tmcli/status.go:30.87,34.16 3 1
github.com/QOSGroup/qmoon/lib/tmcli/status.go:38.2,39.16 2 1
github.com/QOSGroup/qmoon/lib/tmcli/status.go:43.2,45.16 3 1
github.com/QOSGroup/qmoon/lib/tmcli/status.go:49.2,49.18 1 1
github.com/QOSGroup/qmoon/lib/tmcli/status.go:34.16,36.3 1 0
github.com/QOSGroup/qmoon/lib/tmcli/status.go:39.16,41.3 1 0
github.com/QOSGroup/qmoon/lib/tmcli/status.go:45.16,47.3 1 0
github.com/QOSGroup/qmoon/lib/tmcli/unsubscribe.go:17.111,21.16 4 1
github.com/QOSGroup/qmoon/lib/tmcli/unsubscribe.go:25.2,26.16 2 1
github.com/QOSGroup/qmoon/lib/tmcli/unsubscribe.go:30.2,32.16 3 1
github.com/QOSGroup/qmoon/lib/tmcli/unsubscribe.go:36.2,36.18 1 0
github.com/QOSGroup/qmoon/lib/tmcli/unsubscribe.go:21.16,23.3 1 0
github.com/QOSGroup/qmoon/lib/tmcli/unsubscribe.go:26.16,28.3 1 0
github.com/QOSGroup/qmoon/lib/tmcli/unsubscribe.go:32.16,34.3 1 1
github.com/QOSGroup/qmoon/lib/tmcli/broadcast_tx_sync.go:17.129,19.16 2 1
github.com/QOSGroup/qmoon/lib/tmcli/broadcast_tx_sync.go:22.2,23.16 2 1
github.com/QOSGroup/qmoon/lib/tmcli/broadcast_tx_sync.go:27.2,28.16 2 1
github.com/QOSGroup/qmoon/lib/tmcli/broadcast_tx_sync.go:32.2,34.16 3 1
github.com/QOSGroup/qmoon/lib/tmcli/broadcast_tx_sync.go:38.2,38.18 1 1
github.com/QOSGroup/qmoon/lib/tmcli/broadcast_tx_sync.go:19.16,21.3 1 0
github.com/QOSGroup/qmoon/lib/tmcli/broadcast_tx_sync.go:23.16,25.3 1 0
github.com/QOSGroup/qmoon/lib/tmcli/broadcast_tx_sync.go:28.16,30.3 1 0
github.com/QOSGroup/qmoon/lib/tmcli/broadcast_tx_sync.go:34.16,36.3 1 0
github.com/QOSGroup/qmoon/lib/tmcli/broadcast_tx_async.go:17.131,19.16 2 1
github.com/QOSGroup/qmoon/lib/tmcli/broadcast_tx_async.go:22.2,23.16 2 1
github.com/QOSGroup/qmoon/lib/tmcli/broadcast_tx_async.go:27.2,28.16 2 1
github.com/QOSGroup/qmoon/lib/tmcli/broadcast_tx_async.go:32.2,34.16 3 1
github.com/QOSGroup/qmoon/lib/tmcli/broadcast_tx_async.go:38.2,38.18 1 1
github.com/QOSGroup/qmoon/lib/tmcli/broadcast_tx_async.go:19.16,21.3 1 0
github.com/QOSGroup/qmoon/lib/tmcli/broadcast_tx_async.go:23.16,25.3 1 0
github.com/QOSGroup/qmoon/lib/tmcli/broadcast_tx_async.go:28.16,30.3 1 0
github.com/QOSGroup/qmoon/lib/tmcli/broadcast_tx_async.go:34.16,36.3 1 0
github.com/QOSGroup/qmoon/lib/tmcli/broadcast_tx_commit.go:17.133,19.16 2 1
github.com/QOSGroup/qmoon/lib/tmcli/broadcast_tx_commit.go:22.2,23.16 2 1
github.com/QOSGroup/qmoon/lib/tmcli/broadcast_tx_commit.go:27.2,28.16 2 1
github.com/QOSGroup/qmoon/lib/tmcli/broadcast_tx_commit.go:32.2,34.16 3 1
github.com/QOSGroup/qmoon/lib/tmcli/broadcast_tx_commit.go:38.2,38.18 1 1
github.com/QOSGroup/qmoon/lib/tmcli/broadcast_tx_commit.go:19.16,21.3 1 0
github.com/QOSGroup/qmoon/lib/tmcli/broadcast_tx_commit.go:23.16,25.3 1 0
github.com/QOSGroup/qmoon/lib/tmcli/broadcast_tx_commit.go:28.16,30.3 1 0
github.com/QOSGroup/qmoon/lib/tmcli/broadcast_tx_commit.go:34.16,36.3 1 0
github.com/QOSGroup/qmoon/lib/tmcli/tx.go:18.104,25.16 4 1
github.com/QOSGroup/qmoon/lib/tmcli/tx.go:29.2,30.16 2 1
github.com/QOSGroup/qmoon/lib/tmcli/tx.go:34.2,36.16 3 1
github.com/QOSGroup/qmoon/lib/tmcli/tx.go:40.2,40.18 1 0
github.com/QOSGroup/qmoon/lib/tmcli/tx.go:25.16,27.3 1 0
github.com/QOSGroup/qmoon/lib/tmcli/tx.go:30.16,32.3 1 0
github.com/QOSGroup/qmoon/lib/tmcli/tx.go:36.16,38.3 1 1
github.com/QOSGroup/qmoon/lib/tmcli/tx_search.go:26.126,31.16 3 1
github.com/QOSGroup/qmoon/lib/tmcli/tx_search.go:36.2,37.16 2 1
github.com/QOSGroup/qmoon/lib/tmcli/tx_search.go:41.2,42.16 2 1
github.com/QOSGroup/qmoon/lib/tmcli/tx_search.go:46.2,48.16 3 1
github.com/QOSGroup/qmoon/lib/tmcli/tx_search.go:52.2,52.18 1 0
github.com/QOSGroup/qmoon/lib/tmcli/tx_search.go:31.16,35.3 3 0
github.com/QOSGroup/qmoon/lib/tmcli/tx_search.go:37.16,39.3 1 0
github.com/QOSGroup/qmoon/lib/tmcli/tx_search.go:42.16,44.3 1 0
github.com/QOSGroup/qmoon/lib/tmcli/tx_search.go:48.16,50.3 1 1
github.com/QOSGroup/qmoon/lib/tmcli/block.go:17.103,19.16 2 1
github.com/QOSGroup/qmoon/lib/tmcli/block.go:22.2,23.16 2 1
github.com/QOSGroup/qmoon/lib/tmcli/block.go:27.2,28.16 2 1
github.com/QOSGroup/qmoon/lib/tmcli/block.go:32.2,34.16 3 1
github.com/QOSGroup/qmoon/lib/tmcli/block.go:38.2,38.18 1 1
github.com/QOSGroup/qmoon/lib/tmcli/block.go:19.16,21.3 1 0
github.com/QOSGroup/qmoon/lib/tmcli/block.go:23.16,25.3 1 0
github.com/QOSGroup/qmoon/lib/tmcli/block.go:28.16,30.3 1 0
github.com/QOSGroup/qmoon/lib/tmcli/block.go:34.16,36.3 1 0
github.com/QOSGroup/qmoon/lib/tmcli/client.go:40.50,45.16 3 21
github.com/QOSGroup/qmoon/lib/tmcli/client.go:48.2,50.15 2 21
github.com/QOSGroup/qmoon/lib/tmcli/client.go:58.2,58.17 1 21
github.com/QOSGroup/qmoon/lib/tmcli/client.go:45.16,47.3 1 0
github.com/QOSGroup/qmoon/lib/tmcli/client.go:50.15,51.24 1 21
github.com/QOSGroup/qmoon/lib/tmcli/client.go:51.24,52.33 1 21
github.com/QOSGroup/qmoon/lib/tmcli/client.go:52.33,54.5 1 0
github.com/QOSGroup/qmoon/lib/tmcli/client.go:62.43,63.33 1 21
github.com/QOSGroup/qmoon/lib/tmcli/client.go:63.33,65.17 2 21
github.com/QOSGroup/qmoon/lib/tmcli/client.go:69.3,72.13 3 21
github.com/QOSGroup/qmoon/lib/tmcli/client.go:65.17,67.4 1 0
github.com/QOSGroup/qmoon/lib/tmcli/client.go:125.37,126.16 1 21
github.com/QOSGroup/qmoon/lib/tmcli/client.go:130.2,161.10 24 21
github.com/QOSGroup/qmoon/lib/tmcli/client.go:126.16,128.3 1 0
github.com/QOSGroup/qmoon/lib/tmcli/client.go:166.60,168.42 2 21
github.com/QOSGroup/qmoon/lib/tmcli/client.go:172.2,173.16 2 21
github.com/QOSGroup/qmoon/lib/tmcli/client.go:177.2,178.16 2 21
github.com/QOSGroup/qmoon/lib/tmcli/client.go:182.2,183.24 2 21
github.com/QOSGroup/qmoon/lib/tmcli/client.go:168.42,170.3 1 0
github.com/QOSGroup/qmoon/lib/tmcli/client.go:173.16,175.3 1 0
github.com/QOSGroup/qmoon/lib/tmcli/client.go:178.16,180.3 1 0
github.com/QOSGroup/qmoon/lib/tmcli/client.go:191.93,193.16 2 21
github.com/QOSGroup/qmoon/lib/tmcli/client.go:197.2,198.17 2 21
github.com/QOSGroup/qmoon/lib/tmcli/client.go:208.2,209.16 2 21
github.com/QOSGroup/qmoon/lib/tmcli/client.go:213.2,213.17 1 21
github.com/QOSGroup/qmoon/lib/tmcli/client.go:193.16,195.3 1 0
github.com/QOSGroup/qmoon/lib/tmcli/client.go:198.17,203.17 5 0
github.com/QOSGroup/qmoon/lib/tmcli/client.go:203.17,205.4 1 0
github.com/QOSGroup/qmoon/lib/tmcli/client.go:209.16,211.3 1 0
github.com/QOSGroup/qmoon/lib/tmcli/client.go:218.41,219.16 1 0
github.com/QOSGroup/qmoon/lib/tmcli/client.go:222.2,223.42 2 0
github.com/QOSGroup/qmoon/lib/tmcli/client.go:227.2,227.12 1 0
github.com/QOSGroup/qmoon/lib/tmcli/client.go:219.16,221.3 1 0
github.com/QOSGroup/qmoon/lib/tmcli/client.go:223.42,226.3 2 0
github.com/QOSGroup/qmoon/lib/tmcli/client.go:240.44,241.45 1 21
github.com/QOSGroup/qmoon/lib/tmcli/client.go:245.2,245.82 1 0
github.com/QOSGroup/qmoon/lib/tmcli/client.go:249.2,249.12 1 0
github.com/QOSGroup/qmoon/lib/tmcli/client.go:241.45,243.3 1 21
github.com/QOSGroup/qmoon/lib/tmcli/client.go:245.82,247.3 1 0
github.com/QOSGroup/qmoon/lib/tmcli/client.go:261.100,262.16 1 21
github.com/QOSGroup/qmoon/lib/tmcli/client.go:265.2,268.16 3 21
github.com/QOSGroup/qmoon/lib/tmcli/client.go:288.2,288.15 1 21
github.com/QOSGroup/qmoon/lib/tmcli/client.go:294.2,295.16 2 21
github.com/QOSGroup/qmoon/lib/tmcli/client.go:301.2,301.14 1 21
github.com/QOSGroup/qmoon/lib/tmcli/client.go:326.2,326.18 1 17
github.com/QOSGroup/qmoon/lib/tmcli/client.go:262.16,264.3 1 21
github.com/QOSGroup/qmoon/lib/tmcli/client.go:268.16,271.10 1 0
github.com/QOSGroup/qmoon/lib/tmcli/client.go:278.3,278.36 1 0
github.com/QOSGroup/qmoon/lib/tmcli/client.go:285.3,285.18 1 0
github.com/QOSGroup/qmoon/lib/tmcli/client.go:272.21,273.25 1 0
github.com/QOSGroup/qmoon/lib/tmcli/client.go:274.11,274.11 0 0
github.com/QOSGroup/qmoon/lib/tmcli/client.go:278.36,279.48 1 0
github.com/QOSGroup/qmoon/lib/tmcli/client.go:279.48,282.5 2 0
github.com/QOSGroup/qmoon/lib/tmcli/client.go:288.15,292.3 2 21
github.com/QOSGroup/qmoon/lib/tmcli/client.go:295.16,299.3 1 0
github.com/QOSGroup/qmoon/lib/tmcli/client.go:301.14,302.33 1 21
github.com/QOSGroup/qmoon/lib/tmcli/client.go:302.33,304.4 1 0
github.com/QOSGroup/qmoon/lib/tmcli/client.go:304.9,307.18 3 21
github.com/QOSGroup/qmoon/lib/tmcli/client.go:315.4,315.27 1 21
github.com/QOSGroup/qmoon/lib/tmcli/client.go:319.4,320.18 2 17
github.com/QOSGroup/qmoon/lib/tmcli/client.go:307.18,308.22 1 0
github.com/QOSGroup/qmoon/lib/tmcli/client.go:308.22,310.6 1 0
github.com/QOSGroup/qmoon/lib/tmcli/client.go:310.11,312.6 1 0
github.com/QOSGroup/qmoon/lib/tmcli/client.go:315.27,317.5 1 4
github.com/QOSGroup/qmoon/lib/tmcli/client.go:320.18,322.5 1 0
github.com/QOSGroup/qmoon/lib/tmcli/client.go:333.34,335.2 1 0
github.com/QOSGroup/qmoon/lib/tmcli/client.go:337.38,347.2 6 1
github.com/QOSGroup/qmoon/lib/tmcli/dump_consensus_state.go:11.14,13.2 0 1
github.com/QOSGroup/qmoon/lib/tmcli/dump_consensus_state.go:19.111,23.16 3 1
github.com/QOSGroup/qmoon/lib/tmcli/dump_consensus_state.go:27.2,28.16 2 1
github.com/QOSGroup/qmoon/lib/tmcli/dump_consensus_state.go:32.2,34.16 3 1
github.com/QOSGroup/qmoon/lib/tmcli/dump_consensus_state.go:38.2,38.18 1 1
github.com/QOSGroup/qmoon/lib/tmcli/dump_consensus_state.go:23.16,25.3 1 0
github.com/QOSGroup/qmoon/lib/tmcli/dump_consensus_state.go:28.16,30.3 1 0
github.com/QOSGroup/qmoon/lib/tmcli/dump_consensus_state.go:34.16,36.3 1 0
github.com/QOSGroup/qmoon/lib/tmcli/subscribe.go:17.107,21.16 4 1
github.com/QOSGroup/qmoon/lib/tmcli/subscribe.go:25.2,26.16 2 1
github.com/QOSGroup/qmoon/lib/tmcli/subscribe.go:30.2,32.16 3 1
github.com/QOSGroup/qmoon/lib/tmcli/subscribe.go:36.2,36.18 1 0
github.com/QOSGroup/qmoon/lib/tmcli/subscribe.go:21.16,23.3 1 0
github.com/QOSGroup/qmoon/lib/tmcli/subscribe.go:26.16,28.3 1 0
github.com/QOSGroup/qmoon/lib/tmcli/subscribe.go:32.16,34.3 1 1
github.com/QOSGroup/qmoon/lib/tmcli/unconfirmed_txs.go:17.154,21.16 3 1
github.com/QOSGroup/qmoon/lib/tmcli/unconfirmed_txs.go:25.2,26.16 2 1
github.com/QOSGroup/qmoon/lib/tmcli/unconfirmed_txs.go:30.2,32.16 3 1
github.com/QOSGroup/qmoon/lib/tmcli/unconfirmed_txs.go:36.2,36.18 1 1
github.com/QOSGroup/qmoon/lib/tmcli/unconfirmed_txs.go:21.16,23.3 1 0
github.com/QOSGroup/qmoon/lib/tmcli/unconfirmed_txs.go:26.16,28.3 1 0
github.com/QOSGroup/qmoon/lib/tmcli/unconfirmed_txs.go:32.16,34.3 1 0
github.com/QOSGroup/qmoon/lib/tmcli/abci_info.go:9.14,11.2 0 1
github.com/QOSGroup/qmoon/lib/tmcli/abci_info.go:17.91,21.16 3 1
github.com/QOSGroup/qmoon/lib/tmcli/abci_info.go:25.2,26.16 2 1
github.com/QOSGroup/qmoon/lib/tmcli/abci_info.go:30.2,32.16 3 1
github.com/QOSGroup/qmoon/lib/tmcli/abci_info.go:36.2,36.18 1 1
github.com/QOSGroup/qmoon/lib/tmcli/abci_info.go:21.16,23.3 1 0
github.com/QOSGroup/qmoon/lib/tmcli/abci_info.go:26.16,28.3 1 0
github.com/QOSGroup/qmoon/lib/tmcli/abci_info.go:32.16,34.3 1 0
github.com/QOSGroup/qmoon/lib/tmcli/block_results.go:17.124,19.16 2 1
github.com/QOSGroup/qmoon/lib/tmcli/block_results.go:22.2,23.16 2 1
github.com/QOSGroup/qmoon/lib/tmcli/block_results.go:27.2,28.16 2 1
github.com/QOSGroup/qmoon/lib/tmcli/block_results.go:32.2,34.16 3 1
github.com/QOSGroup/qmoon/lib/tmcli/block_results.go:38.2,38.18 1 1
github.com/QOSGroup/qmoon/lib/tmcli/block_results.go:19.16,21.3 1 0
github.com/QOSGroup/qmoon/lib/tmcli/block_results.go:23.16,25.3 1 0
github.com/QOSGroup/qmoon/lib/tmcli/block_results.go:28.16,30.3 1 0
github.com/QOSGroup/qmoon/lib/tmcli/block_results.go:34.16,36.3 1 0
github.com/QOSGroup/qmoon/lib/tmcli/blockchain.go:18.118,20.16 2 1
github.com/QOSGroup/qmoon/lib/tmcli/blockchain.go:23.2,24.16 2 1
github.com/QOSGroup/qmoon/lib/tmcli/blockchain.go:28.2,29.16 2 1
github.com/QOSGroup/qmoon/lib/tmcli/blockchain.go:33.2,35.16 3 1
github.com/QOSGroup/qmoon/lib/tmcli/blockchain.go:39.2,39.18 1 1
github.com/QOSGroup/qmoon/lib/tmcli/blockchain.go:20.16,22.3 1 0
github.com/QOSGroup/qmoon/lib/tmcli/blockchain.go:24.16,26.3 1 0
github.com/QOSGroup/qmoon/lib/tmcli/blockchain.go:29.16,31.3 1 0
github.com/QOSGroup/qmoon/lib/tmcli/blockchain.go:35.16,37.3 1 0
github.com/QOSGroup/qmoon/lib/tmcli/consensus_state.go:11.14,13.2 0 1
github.com/QOSGroup/qmoon/lib/tmcli/consensus_state.go:19.103,23.16 3 1
github.com/QOSGroup/qmoon/lib/tmcli/consensus_state.go:27.2,28.16 2 1
github.com/QOSGroup/qmoon/lib/tmcli/consensus_state.go:32.2,34.16 3 1
github.com/QOSGroup/qmoon/lib/tmcli/consensus_state.go:38.2,38.18 1 1
github.com/QOSGroup/qmoon/lib/tmcli/consensus_state.go:23.16,25.3 1 0
github.com/QOSGroup/qmoon/lib/tmcli/consensus_state.go:28.16,30.3 1 0
github.com/QOSGroup/qmoon/lib/tmcli/consensus_state.go:34.16,36.3 1 0
github.com/QOSGroup/qmoon/lib/tmcli/num_unconfirmed_txs.go:11.14,13.2 0 1
github.com/QOSGroup/qmoon/lib/tmcli/num_unconfirmed_txs.go:19.106,23.16 3 1
github.com/QOSGroup/qmoon/lib/tmcli/num_unconfirmed_txs.go:27.2,28.16 2 1
github.com/QOSGroup/qmoon/lib/tmcli/num_unconfirmed_txs.go:32.2,34.16 3 1
github.com/QOSGroup/qmoon/lib/tmcli/num_unconfirmed_txs.go:38.2,38.18 1 1
github.com/QOSGroup/qmoon/lib/tmcli/num_unconfirmed_txs.go:23.16,25.3 1 0
github.com/QOSGroup/qmoon/lib/tmcli/num_unconfirmed_txs.go:28.16,30.3 1 0
github.com/QOSGroup/qmoon/lib/tmcli/num_unconfirmed_txs.go:34.16,36.3 1 0
github.com/QOSGroup/qmoon/lib/tmcli/validators.go:17.118,19.16 2 1
github.com/QOSGroup/qmoon/lib/tmcli/validators.go:22.2,23.16 2 1
github.com/QOSGroup/qmoon/lib/tmcli/validators.go:27.2,28.16 2 1
github.com/QOSGroup/qmoon/lib/tmcli/validators.go:32.2,34.16 3 1
github.com/QOSGroup/qmoon/lib/tmcli/validators.go:38.2,38.18 1 1
github.com/QOSGroup/qmoon/lib/tmcli/validators.go:19.16,21.3 1 0
github.com/QOSGroup/qmoon/lib/tmcli/validators.go:23.16,25.3 1 0
github.com/QOSGroup/qmoon/lib/tmcli/validators.go:28.16,30.3 1 0
github.com/QOSGroup/qmoon/lib/tmcli/validators.go:34.16,36.3 1 0
github.com/QOSGroup/qmoon/lib/tmcli/abci_query.go:20.147,29.16 4 1
github.com/QOSGroup/qmoon/lib/tmcli/abci_query.go:33.2,34.16 2 1
github.com/QOSGroup/qmoon/lib/tmcli/abci_query.go:38.2,40.16 3 1
github.com/QOSGroup/qmoon/lib/tmcli/abci_query.go:44.2,44.18 1 1
github.com/QOSGroup/qmoon/lib/tmcli/abci_query.go:29.16,31.3 1 0
github.com/QOSGroup/qmoon/lib/tmcli/abci_query.go:34.16,36.3 1 0
github.com/QOSGroup/qmoon/lib/tmcli/abci_query.go:40.16,42.3 1 0
github.com/QOSGroup/qmoon/service/account/account.go:40.50,51.2 1 12
github.com/QOSGroup/qmoon/service/account/account.go:53.39,62.2 1 14
github.com/QOSGroup/qmoon/service/account/account.go:64.52,66.16 2 2
github.com/QOSGroup/qmoon/service/account/account.go:70.2,71.24 2 2
github.com/QOSGroup/qmoon/service/account/account.go:75.2,75.16 1 2
github.com/QOSGroup/qmoon/service/account/account.go:66.16,68.3 1 0
github.com/QOSGroup/qmoon/service/account/account.go:71.24,73.3 1 4
github.com/QOSGroup/qmoon/service/account/account.go:78.61,86.16 3 2
github.com/QOSGroup/qmoon/service/account/account.go:90.2,90.33 1 2
github.com/QOSGroup/qmoon/service/account/account.go:86.16,88.3 1 0
github.com/QOSGroup/qmoon/service/account/account.go:93.54,95.16 2 1
github.com/QOSGroup/qmoon/service/account/account.go:99.2,99.33 1 1
github.com/QOSGroup/qmoon/service/account/account.go:95.16,97.3 1 0
github.com/QOSGroup/qmoon/service/account/account.go:101.59,103.16 2 4
github.com/QOSGroup/qmoon/service/account/account.go:107.2,107.33 1 4
github.com/QOSGroup/qmoon/service/account/account.go:103.16,105.3 1 0
github.com/QOSGroup/qmoon/service/account/account.go:110.49,113.2 1 7
github.com/QOSGroup/qmoon/service/account/account.go:115.52,117.36 2 0
github.com/QOSGroup/qmoon/service/account/account.go:121.2,123.27 2 0
github.com/QOSGroup/qmoon/service/account/account.go:117.36,119.3 1 0
github.com/QOSGroup/qmoon/service/account/account.go:133.50,135.15 2 0
github.com/QOSGroup/qmoon/service/account/account.go:143.2,143.17 1 0
github.com/QOSGroup/qmoon/service/account/account.go:135.15,136.24 1 0
github.com/QOSGroup/qmoon/service/account/account.go:136.24,137.33 1 0
github.com/QOSGroup/qmoon/service/account/account.go:137.33,139.5 1 0
github.com/QOSGroup/qmoon/service/account/account.go:145.37,146.36 1 0
github.com/QOSGroup/qmoon/service/account/account.go:146.36,149.3 2 0
github.com/QOSGroup/qmoon/service/account/account.go:152.41,153.36 1 0
github.com/QOSGroup/qmoon/service/account/account.go:153.36,156.3 2 0
github.com/QOSGroup/qmoon/service/account/account.go:159.51,160.36 1 0
github.com/QOSGroup/qmoon/service/account/account.go:160.36,163.3 2 0
github.com/QOSGroup/qmoon/service/account/account.go:166.52,167.20 1 0
github.com/QOSGroup/qmoon/service/account/account.go:170.2,170.27 1 0
github.com/QOSGroup/qmoon/service/account/account.go:173.2,173.22 1 0
github.com/QOSGroup/qmoon/service/account/account.go:177.2,178.16 2 0
github.com/QOSGroup/qmoon/service/account/account.go:182.2,186.12 4 0
github.com/QOSGroup/qmoon/service/account/account.go:167.20,169.3 1 0
github.com/QOSGroup/qmoon/service/account/account.go:170.27,172.3 1 0
github.com/QOSGroup/qmoon/service/account/account.go:173.22,175.3 1 0
github.com/QOSGroup/qmoon/service/account/account.go:178.16,180.3 1 0
github.com/QOSGroup/qmoon/service/account/account.go:189.41,190.20 1 3
github.com/QOSGroup/qmoon/service/account/account.go:199.2,200.28 2 3
github.com/QOSGroup/qmoon/service/account/account.go:204.2,204.18 1 3
github.com/QOSGroup/qmoon/service/account/account.go:190.20,192.17 2 2
github.com/QOSGroup/qmoon/service/account/account.go:196.3,196.17 1 2
github.com/QOSGroup/qmoon/service/account/account.go:192.17,194.4 1 0
github.com/QOSGroup/qmoon/service/account/account.go:200.28,202.3 1 8
github.com/QOSGroup/qmoon/service/account/account.go:207.59,208.20 1 1
github.com/QOSGroup/qmoon/service/account/account.go:216.2,216.28 1 1
github.com/QOSGroup/qmoon/service/account/account.go:222.2,222.37 1 0
github.com/QOSGroup/qmoon/service/account/account.go:208.20,210.17 2 1
github.com/QOSGroup/qmoon/service/account/account.go:214.3,214.17 1 1
github.com/QOSGroup/qmoon/service/account/account.go:210.17,212.4 1 0
github.com/QOSGroup/qmoon/service/account/account.go:216.28,217.17 1 1
github.com/QOSGroup/qmoon/service/account/account.go:217.17,219.4 1 1
github.com/QOSGroup/qmoon/service/account/account.go:225.49,226.20 1 1
github.com/QOSGroup/qmoon/service/account/account.go:234.2,234.28 1 1
github.com/QOSGroup/qmoon/service/account/account.go:245.2,245.32 1 0
github.com/QOSGroup/qmoon/service/account/account.go:226.20,228.17 2 1
github.com/QOSGroup/qmoon/service/account/account.go:232.3,232.17 1 1
github.com/QOSGroup/qmoon/service/account/account.go:228.17,230.4 1 0
github.com/QOSGroup/qmoon/service/account/account.go:234.28,235.17 1 2
github.com/QOSGroup/qmoon/service/account/account.go:235.17,237.18 2 1
github.com/QOSGroup/qmoon/service/account/account.go:240.4,241.14 2 1
github.com/QOSGroup/qmoon/service/account/account.go:237.18,239.5 1 0
github.com/QOSGroup/qmoon/service/account/account.go:248.56,258.16 4 3
github.com/QOSGroup/qmoon/service/account/account.go:262.2,262.31 1 3
github.com/QOSGroup/qmoon/service/account/account.go:258.16,260.3 1 0
github.com/QOSGroup/qmoon/service/account/account.go:265.88,269.16 4 0
github.com/QOSGroup/qmoon/service/account/account.go:286.2,286.19 1 0
github.com/QOSGroup/qmoon/service/account/account.go:269.16,275.48 6 0
github.com/QOSGroup/qmoon/service/account/account.go:275.48,277.4 1 0
github.com/QOSGroup/qmoon/service/account/account.go:278.8,281.48 3 0
github.com/QOSGroup/qmoon/service/account/account.go:281.48,283.4 1 0
github.com/QOSGroup/qmoon/service/account/account.go:289.41,291.16 2 0
github.com/QOSGroup/qmoon/service/account/account.go:291.16,293.3 1 0
github.com/QOSGroup/qmoon/service/account/account.go:293.8,295.3 1 0
github.com/QOSGroup/qmoon/service/account/account.go:298.53,300.16 2 2
github.com/QOSGroup/qmoon/service/account/account.go:304.2,304.30 1 2
github.com/QOSGroup/qmoon/service/account/account.go:300.16,302.3 1 0
github.com/QOSGroup/qmoon/service/account/account.go:307.44,309.16 2 1
github.com/QOSGroup/qmoon/service/account/account.go:313.2,313.32 1 1
github.com/QOSGroup/qmoon/service/account/account.go:309.16,311.3 1 0
github.com/QOSGroup/qmoon/service/account/account.go:324.50,332.2 1 0
github.com/QOSGroup/qmoon/service/account/account.go:334.50,336.16 2 0
github.com/QOSGroup/qmoon/service/account/account.go:340.2,340.42 1 0
github.com/QOSGroup/qmoon/service/account/account.go:345.2,345.31 1 0
github.com/QOSGroup/qmoon/service/account/account.go:336.16,338.3 1 0
github.com/QOSGroup/qmoon/service/account/account.go:340.42,343.3 2 0
github.com/QOSGroup/qmoon/service/account/account.go:348.44,350.16 2 0
github.com/QOSGroup/qmoon/service/account/account.go:354.2,354.32 1 0
github.com/QOSGroup/qmoon/service/account/account.go:350.16,352.3 1 0
github.com/QOSGroup/qmoon/service/account/node_type.go:12.58,14.2 1 0
github.com/QOSGroup/qmoon/service/account/node_type.go:16.55,18.2 1 0
github.com/QOSGroup/qmoon/service/session.go:18.53,20.16 2 0
github.com/QOSGroup/qmoon/service/session.go:24.2,24.34 1 0
github.com/QOSGroup/qmoon/service/session.go:29.2,31.16 3 0
github.com/QOSGroup/qmoon/service/session.go:34.2,39.15 2 0
github.com/QOSGroup/qmoon/service/session.go:20.16,22.3 1 0
github.com/QOSGroup/qmoon/service/session.go:24.34,26.3 1 0
github.com/QOSGroup/qmoon/service/session.go:31.16,33.3 1 0
github.com/QOSGroup/qmoon/service/session.go:42.30,44.16 2 0
github.com/QOSGroup/qmoon/service/session.go:48.2,48.28 1 0
github.com/QOSGroup/qmoon/service/session.go:44.16,46.3 1 0
github.com/QOSGroup/qmoon/service/session.go:51.59,53.16 2 0
github.com/QOSGroup/qmoon/service/session.go:56.2,57.16 2 0
github.com/QOSGroup/qmoon/service/session.go:61.2,61.17 1 0
github.com/QOSGroup/qmoon/service/session.go:53.16,55.3 1 0
github.com/QOSGroup/qmoon/service/session.go:57.16,59.3 1 0
github.com/QOSGroup/qmoon/service/node_type.go:29.54,32.26 3 0
github.com/QOSGroup/qmoon/service/node_type.go:36.2,43.3 1 0
github.com/QOSGroup/qmoon/service/node_type.go:32.26,34.3 1 0
github.com/QOSGroup/qmoon/service/node_type.go:46.70,52.2 1 0
github.com/QOSGroup/qmoon/service/node_type.go:54.42,56.6 2 0
github.com/QOSGroup/qmoon/service/node_type.go:66.2,66.17 1 0
github.com/QOSGroup/qmoon/service/node_type.go:56.6,58.17 2 0
github.com/QOSGroup/qmoon/service/node_type.go:61.3,61.25 1 0
github.com/QOSGroup/qmoon/service/node_type.go:58.17,59.9 1 0
github.com/QOSGroup/qmoon/service/node_type.go:61.25,63.4 1 0
github.com/QOSGroup/qmoon/service/node_type.go:69.84,76.16 7 0
github.com/QOSGroup/qmoon/service/node_type.go:80.2,80.27 1 0
github.com/QOSGroup/qmoon/service/node_type.go:93.2,93.12 1 0
github.com/QOSGroup/qmoon/service/node_type.go:76.16,78.3 1 0
github.com/QOSGroup/qmoon/service/node_type.go:80.27,87.17 6 0
github.com/QOSGroup/qmoon/service/node_type.go:87.17,90.4 2 0
github.com/QOSGroup/qmoon/service/node_type.go:96.56,98.16 2 0
github.com/QOSGroup/qmoon/service/node_type.go:102.2,102.35 1 0
github.com/QOSGroup/qmoon/service/node_type.go:98.16,100.3 1 0
github.com/QOSGroup/qmoon/service/auth/auth.go:28.48,31.16 3 1
github.com/QOSGroup/qmoon/service/auth/auth.go:35.2,35.27 1 1
github.com/QOSGroup/qmoon/service/auth/auth.go:39.2,41.16 3 1
github.com/QOSGroup/qmoon/service/auth/auth.go:44.2,47.16 3 1
github.com/QOSGroup/qmoon/service/auth/auth.go:51.2,52.16 2 1
github.com/QOSGroup/qmoon/service/auth/auth.go:55.2,55.32 1 1
github.com/QOSGroup/qmoon/service/auth/auth.go:59.2,59.38 1 1
github.com/QOSGroup/qmoon/service/auth/auth.go:63.2,67.23 4 1
github.com/QOSGroup/qmoon/service/auth/auth.go:71.2,71.16 1 1
github.com/QOSGroup/qmoon/service/auth/auth.go:31.16,33.3 1 0
github.com/QOSGroup/qmoon/service/auth/auth.go:35.27,37.3 1 0
github.com/QOSGroup/qmoon/service/auth/auth.go:41.16,43.3 1 0
github.com/QOSGroup/qmoon/service/auth/auth.go:47.16,49.3 1 0
github.com/QOSGroup/qmoon/service/auth/auth.go:52.16,54.3 1 0
github.com/QOSGroup/qmoon/service/auth/auth.go:55.32,57.3 1 0
github.com/QOSGroup/qmoon/service/auth/auth.go:59.38,61.3 1 0
github.com/QOSGroup/qmoon/service/auth/auth.go:67.23,69.3 1 0
github.com/QOSGroup/qmoon/service/auth/auth.go:74.36,76.2 1 4
github.com/QOSGroup/qmoon/service/auth/auth.go:78.53,80.16 2 2
github.com/QOSGroup/qmoon/service/auth/auth.go:84.2,86.24 2 2
github.com/QOSGroup/qmoon/service/auth/auth.go:80.16,82.3 1 0
github.com/QOSGroup/qmoon/service/block/blockchain.go:13.84,15.16 2 0
github.com/QOSGroup/qmoon/service/block/blockchain.go:19.2,21.17 2 0
github.com/QOSGroup/qmoon/service/block/blockchain.go:15.16,17.3 1 0
